{"/Users/Alen/Desktop/Нетология/Продвинутый JS /Regex/src/js/app.js": {"path":"/Users/Alen/Desktop/Нетология/Продвинутый JS /Regex/src/js/app.js","statementMap":{"0":{"start":{"line":3,"column":3},"end":{"line":3,"column":20}},"1":{"start":{"line":4,"column":3},"end":{"line":7,"column":28}}},"fnMap":{"0":{"name":"(anonymous_0)","decl":{"start":{"line":2,"column":1},"end":{"line":2,"column":2}},"loc":{"start":{"line":2,"column":24},"end":{"line":8,"column":2}},"line":2}},"branchMap":{"0":{"loc":{"start":{"line":4,"column":10},"end":{"line":7,"column":27}},"type":"binary-expr","locations":[{"start":{"line":4,"column":10},"end":{"line":4,"column":36}},{"start":{"line":5,"column":6},"end":{"line":5,"column":28}},{"start":{"line":6,"column":6},"end":{"line":6,"column":27}},{"start":{"line":7,"column":6},"end":{"line":7,"column":27}}],"line":4}},"s":{"0":9,"1":9},"f":{"0":9},"b":{"0":[9,8,7,5]},"_coverageSchema":"1a1c01bbd47fc00a2c39e90264f33305004495a9","hash":"8e4b2e6607a135d9765fdab3494f08d62cd818f9"}
}
